<?xml version="1.0" encoding="UTF-8"?>
<testng-results skipped="0" failed="0" total="0" passed="0">
  <reporter-output>
  </reporter-output>
  <suite name="com.Symphony.AppTest" duration-ms="5" started-at="2018-03-13T19:44:04Z" finished-at="2018-03-13T19:44:04Z">
    <groups>
    </groups>
    <test name="Command line test" duration-ms="5" started-at="2018-03-13T19:44:04Z" finished-at="2018-03-13T19:44:04Z">
    </test> <!-- Command line test -->
  </suite> <!-- com.Symphony.AppTest -->
</testng-results>
